DEBUG:urllib3.connectionpool:Starting new HTTP connection (1): localhost:8080
DEBUG:urllib3.connectionpool:http://localhost:8080 "GET /topology?name=Users_Register HTTP/1.1" 503 None
DEBUG:urllib3.connectionpool:Starting new HTTP connection (1): localhost:8080
DEBUG:urllib3.connectionpool:http://localhost:8080 "GET /topology?name=Users_Register HTTP/1.1" 503 None
DEBUG:root:Database Users_Register does not exists
DEBUG:urllib3.connectionpool:Starting new HTTP connection (1): localhost:8080
DEBUG:urllib3.connectionpool:http://localhost:8080 "GET /topology?name=Users_Register HTTP/1.1" 503 None
DEBUG:urllib3.connectionpool:Starting new HTTP connection (1): localhost:8080
DEBUG:urllib3.connectionpool:http://localhost:8080 "GET /topology?name=Users_Register HTTP/1.1" 503 None
DEBUG:root:Database Users_Register does not exists
DEBUG:urllib3.connectionpool:Starting new HTTP connection (1): localhost:8080
DEBUG:urllib3.connectionpool:http://localhost:8080 "GET /topology?name=User_Register HTTP/1.1" 200 None
DEBUG:urllib3.connectionpool:Starting new HTTP connection (1): localhost:8080
DEBUG:urllib3.connectionpool:http://localhost:8080 "GET /databases/User_Register/hilo/next?tag=users&lastBatchSize=0&lastRangeAt=0001-01-01%2000:00:00&identityPartsSeparator=/&lastMax=0 HTTP/1.1" 201 None
DEBUG:urllib3.connectionpool:Starting new HTTP connection (1): localhost:8080
DEBUG:urllib3.connectionpool:http://localhost:8080 "POST /databases/User_Register/bulk_docs HTTP/1.1" 201 None
DEBUG:root:Executing query 'FROM @all_docs WHERE username = $p0' on index 'dynamic'
DEBUG:urllib3.connectionpool:Starting new HTTP connection (1): localhost:8080
DEBUG:urllib3.connectionpool:http://localhost:8080 "GET /topology?name=User_Register HTTP/1.1" 200 None
DEBUG:urllib3.connectionpool:Starting new HTTP connection (1): localhost:8080
DEBUG:urllib3.connectionpool:http://localhost:8080 "POST /databases/User_Register/queries?query-hash=7937854529587215076 HTTP/1.1" 200 None
DEBUG:urllib3.connectionpool:Starting new HTTP connection (1): localhost:8080
DEBUG:urllib3.connectionpool:http://localhost:8080 "GET /databases/User_Register/hilo/next?tag=users&lastBatchSize=0&lastRangeAt=0001-01-01%2000:00:00&identityPartsSeparator=/&lastMax=0 HTTP/1.1" 201 None
DEBUG:urllib3.connectionpool:Starting new HTTP connection (1): localhost:8080
DEBUG:urllib3.connectionpool:http://localhost:8080 "POST /databases/User_Register/bulk_docs HTTP/1.1" 201 None
DEBUG:root:Executing query 'FROM @all_docs WHERE username = $p0' on index 'dynamic'
DEBUG:urllib3.connectionpool:Starting new HTTP connection (1): localhost:8080
DEBUG:urllib3.connectionpool:http://localhost:8080 "GET /topology?name=User_Register HTTP/1.1" 200 None
DEBUG:urllib3.connectionpool:Starting new HTTP connection (1): localhost:8080
DEBUG:urllib3.connectionpool:http://localhost:8080 "POST /databases/User_Register/queries?query-hash=4473645527017098944 HTTP/1.1" 200 None
DEBUG:root:Executing query 'FROM @all_docs WHERE username = $p0' on index 'dynamic'
DEBUG:urllib3.connectionpool:Starting new HTTP connection (1): localhost:8080
DEBUG:urllib3.connectionpool:http://localhost:8080 "GET /topology?name=User_Register HTTP/1.1" 200 None
DEBUG:urllib3.connectionpool:Starting new HTTP connection (1): localhost:8080
DEBUG:urllib3.connectionpool:http://localhost:8080 "POST /databases/User_Register/queries?query-hash=4473645527017098944 HTTP/1.1" 200 None
DEBUG:root:Executing query 'FROM @all_docs WHERE username = $p0' on index 'dynamic'
DEBUG:urllib3.connectionpool:Starting new HTTP connection (1): localhost:8080
DEBUG:urllib3.connectionpool:http://localhost:8080 "GET /topology?name=User_Register HTTP/1.1" 200 None
DEBUG:urllib3.connectionpool:Starting new HTTP connection (1): localhost:8080
DEBUG:urllib3.connectionpool:http://localhost:8080 "POST /databases/User_Register/queries?query-hash=4473645527017098944 HTTP/1.1" 200 None
DEBUG:urllib3.connectionpool:Starting new HTTP connection (1): localhost:8080
DEBUG:urllib3.connectionpool:http://localhost:8080 "GET /topology?name=User_Register HTTP/1.1" 200 None
DEBUG:urllib3.connectionpool:Starting new HTTP connection (1): localhost:8080
DEBUG:urllib3.connectionpool:http://localhost:8080 "GET /databases/User_Register/hilo/next?tag=users&lastBatchSize=0&lastRangeAt=0001-01-01%2000:00:00&identityPartsSeparator=/&lastMax=0 HTTP/1.1" 201 None
DEBUG:urllib3.connectionpool:Starting new HTTP connection (1): localhost:8080
DEBUG:urllib3.connectionpool:http://localhost:8080 "POST /databases/User_Register/bulk_docs HTTP/1.1" 201 None
DEBUG:urllib3.connectionpool:Starting new HTTP connection (1): localhost:8080
DEBUG:urllib3.connectionpool:http://localhost:8080 "GET /topology?name=User_Register HTTP/1.1" 200 None
DEBUG:urllib3.connectionpool:Starting new HTTP connection (1): localhost:8080
DEBUG:urllib3.connectionpool:http://localhost:8080 "GET /databases/User_Register/hilo/next?tag=users&lastBatchSize=0&lastRangeAt=0001-01-01%2000:00:00&identityPartsSeparator=/&lastMax=0 HTTP/1.1" 201 None
DEBUG:urllib3.connectionpool:Starting new HTTP connection (1): localhost:8080
DEBUG:urllib3.connectionpool:http://localhost:8080 "POST /databases/User_Register/bulk_docs HTTP/1.1" 201 None
DEBUG:urllib3.connectionpool:Starting new HTTP connection (1): localhost:8080
DEBUG:urllib3.connectionpool:http://localhost:8080 "GET /topology?name=User_Register HTTP/1.1" 200 None
DEBUG:urllib3.connectionpool:Starting new HTTP connection (1): localhost:8080
DEBUG:urllib3.connectionpool:http://localhost:8080 "GET /databases/User_Register/hilo/next?tag=users&lastBatchSize=0&lastRangeAt=0001-01-01%2000:00:00&identityPartsSeparator=/&lastMax=0 HTTP/1.1" 201 None
DEBUG:urllib3.connectionpool:Starting new HTTP connection (1): localhost:8080
DEBUG:urllib3.connectionpool:http://localhost:8080 "POST /databases/User_Register/bulk_docs HTTP/1.1" 201 None
DEBUG:urllib3.connectionpool:Starting new HTTP connection (1): localhost:8080
DEBUG:urllib3.connectionpool:http://localhost:8080 "GET /topology?name=User_Register HTTP/1.1" 200 None
DEBUG:urllib3.connectionpool:Starting new HTTP connection (1): localhost:8080
DEBUG:urllib3.connectionpool:http://localhost:8080 "GET /databases/User_Register/hilo/next?tag=users&lastBatchSize=0&lastRangeAt=0001-01-01%2000:00:00&identityPartsSeparator=/&lastMax=0 HTTP/1.1" 201 None
DEBUG:urllib3.connectionpool:Starting new HTTP connection (1): localhost:8080
DEBUG:urllib3.connectionpool:http://localhost:8080 "POST /databases/User_Register/bulk_docs HTTP/1.1" 201 None
DEBUG:urllib3.connectionpool:Starting new HTTP connection (1): localhost:8080
DEBUG:urllib3.connectionpool:http://localhost:8080 "GET /topology?name=User_Register HTTP/1.1" 200 None
DEBUG:urllib3.connectionpool:Starting new HTTP connection (1): localhost:8080
DEBUG:urllib3.connectionpool:http://localhost:8080 "GET /topology?name=User_Register HTTP/1.1" 200 None
DEBUG:urllib3.connectionpool:Starting new HTTP connection (1): localhost:8080
DEBUG:urllib3.connectionpool:http://localhost:8080 "GET /topology?name=User_Register HTTP/1.1" 200 None
DEBUG:urllib3.connectionpool:Starting new HTTP connection (1): localhost:8080
DEBUG:urllib3.connectionpool:http://localhost:8080 "GET /topology?name=User_Register HTTP/1.1" 200 None
DEBUG:urllib3.connectionpool:Starting new HTTP connection (1): localhost:8080
DEBUG:urllib3.connectionpool:http://localhost:8080 "GET /topology?name=User_Register HTTP/1.1" 200 None
DEBUG:urllib3.connectionpool:Starting new HTTP connection (1): localhost:8080
DEBUG:urllib3.connectionpool:http://localhost:8080 "GET /topology?name=User_Register HTTP/1.1" 200 None
DEBUG:urllib3.connectionpool:Starting new HTTP connection (1): localhost:8080
DEBUG:urllib3.connectionpool:http://localhost:8080 "GET /topology?name=User_Register HTTP/1.1" 200 None
DEBUG:urllib3.connectionpool:Starting new HTTP connection (1): localhost:8080
DEBUG:urllib3.connectionpool:http://localhost:8080 "GET /topology?name=User_Register HTTP/1.1" 200 None
DEBUG:urllib3.connectionpool:Starting new HTTP connection (1): localhost:8080
DEBUG:urllib3.connectionpool:http://localhost:8080 "GET /topology?name=User_Register HTTP/1.1" 200 None
DEBUG:urllib3.connectionpool:Starting new HTTP connection (1): localhost:8080
DEBUG:urllib3.connectionpool:http://localhost:8080 "GET /databases/User_Register/hilo/next?tag=users&lastBatchSize=0&lastRangeAt=0001-01-01%2000:00:00&identityPartsSeparator=/&lastMax=0 HTTP/1.1" 201 None
DEBUG:urllib3.connectionpool:Starting new HTTP connection (1): localhost:8080
DEBUG:urllib3.connectionpool:http://localhost:8080 "POST /databases/User_Register/bulk_docs HTTP/1.1" 201 None
DEBUG:urllib3.connectionpool:Starting new HTTP connection (1): localhost:8080
DEBUG:urllib3.connectionpool:http://localhost:8080 "GET /topology?name=User_Register HTTP/1.1" 200 None
DEBUG:urllib3.connectionpool:Starting new HTTP connection (1): localhost:8080
DEBUG:urllib3.connectionpool:http://localhost:8080 "GET /databases/User_Register/hilo/next?tag=users&lastBatchSize=0&lastRangeAt=0001-01-01%2000:00:00&identityPartsSeparator=/&lastMax=0 HTTP/1.1" 201 None
DEBUG:urllib3.connectionpool:Starting new HTTP connection (1): localhost:8080
DEBUG:urllib3.connectionpool:http://localhost:8080 "POST /databases/User_Register/bulk_docs HTTP/1.1" 201 None
DEBUG:urllib3.connectionpool:Starting new HTTP connection (1): localhost:8080
DEBUG:urllib3.connectionpool:http://localhost:8080 "GET /topology?name=User_Register HTTP/1.1" 200 None
DEBUG:urllib3.connectionpool:Starting new HTTP connection (1): localhost:8080
DEBUG:urllib3.connectionpool:http://localhost:8080 "GET /topology?name=User_Register HTTP/1.1" 200 None
DEBUG:urllib3.connectionpool:Starting new HTTP connection (1): localhost:8080
DEBUG:urllib3.connectionpool:http://localhost:8080 "GET /topology?name=User_Register HTTP/1.1" 200 None
DEBUG:urllib3.connectionpool:Starting new HTTP connection (1): localhost:8080
DEBUG:urllib3.connectionpool:http://localhost:8080 "GET /topology?name=User_Register HTTP/1.1" 200 None
DEBUG:urllib3.connectionpool:Starting new HTTP connection (1): localhost:8080
DEBUG:urllib3.connectionpool:http://localhost:8080 "GET /topology?name=User_Register HTTP/1.1" 200 None
DEBUG:urllib3.connectionpool:Starting new HTTP connection (1): localhost:8080
DEBUG:urllib3.connectionpool:http://localhost:8080 "GET /topology?name=User_Register HTTP/1.1" 200 None
DEBUG:urllib3.connectionpool:Starting new HTTP connection (1): localhost:8080
DEBUG:urllib3.connectionpool:http://localhost:8080 "GET /topology?name=User_Register HTTP/1.1" 200 None
DEBUG:urllib3.connectionpool:Starting new HTTP connection (1): localhost:8080
DEBUG:urllib3.connectionpool:http://localhost:8080 "GET /topology?name=User_Register HTTP/1.1" 200 None
DEBUG:urllib3.connectionpool:Starting new HTTP connection (1): localhost:8080
DEBUG:urllib3.connectionpool:http://localhost:8080 "GET /topology?name=User_Register HTTP/1.1" 200 None
DEBUG:urllib3.connectionpool:Starting new HTTP connection (1): localhost:8080
DEBUG:urllib3.connectionpool:http://localhost:8080 "GET /topology?name=User_Register HTTP/1.1" 200 None
DEBUG:urllib3.connectionpool:Starting new HTTP connection (1): localhost:8080
DEBUG:urllib3.connectionpool:http://localhost:8080 "GET /topology?name=User_Register HTTP/1.1" 200 None
DEBUG:urllib3.connectionpool:Starting new HTTP connection (1): localhost:8080
DEBUG:urllib3.connectionpool:http://localhost:8080 "GET /databases/User_Register/hilo/next?tag=users&lastBatchSize=0&lastRangeAt=0001-01-01%2000:00:00&identityPartsSeparator=/&lastMax=0 HTTP/1.1" 201 None
DEBUG:urllib3.connectionpool:Starting new HTTP connection (1): localhost:8080
DEBUG:urllib3.connectionpool:http://localhost:8080 "POST /databases/User_Register/bulk_docs HTTP/1.1" 201 None
